2025-11-21 19:41:03 INFO  [background-preinit] org.hibernate.validator.internal.util.Version - HV000001: Hibernate Validator 8.0.3.Final
2025-11-21 19:41:03 INFO  [restartedMain] edu.ucsal.fiadopay.FiadoPayApplication - Starting FiadoPayApplication using Java 21.0.9 with PID 20572 (C:\Users\gabri\Documents\fiadopay\target\classes started by gabri in C:\Users\gabri\Documents\fiadopay)
2025-11-21 19:41:03 INFO  [restartedMain] edu.ucsal.fiadopay.FiadoPayApplication - No active profile set, falling back to 1 default profile: "default"
2025-11-21 19:41:03 INFO  [restartedMain] org.springframework.boot.devtools.env.DevToolsPropertyDefaultsPostProcessor - Devtools property defaults active! Set 'spring.devtools.add-properties' to 'false' to disable
2025-11-21 19:41:03 INFO  [restartedMain] org.springframework.boot.devtools.env.DevToolsPropertyDefaultsPostProcessor - For additional web related logging consider setting the 'logging.level.web' property to 'DEBUG'
2025-11-21 19:41:04 INFO  [restartedMain] org.springframework.data.repository.config.RepositoryConfigurationDelegate - Bootstrapping Spring Data JPA repositories in DEFAULT mode.
2025-11-21 19:41:04 INFO  [restartedMain] org.springframework.data.repository.config.RepositoryConfigurationDelegate - Finished Spring Data repository scanning in 56 ms. Found 4 JPA repository interfaces.
2025-11-21 19:41:05 INFO  [restartedMain] org.springframework.boot.web.embedded.tomcat.TomcatWebServer - Tomcat initialized with port 8080 (http)
2025-11-21 19:41:05 INFO  [restartedMain] org.apache.coyote.http11.Http11NioProtocol - Initializing ProtocolHandler ["http-nio-8080"]
2025-11-21 19:41:05 INFO  [restartedMain] org.apache.catalina.core.StandardService - Starting service [Tomcat]
2025-11-21 19:41:05 INFO  [restartedMain] org.apache.catalina.core.StandardEngine - Starting Servlet engine: [Apache Tomcat/10.1.48]
2025-11-21 19:41:05 INFO  [restartedMain] org.apache.catalina.core.ContainerBase.[Tomcat].[localhost].[/] - Initializing Spring embedded WebApplicationContext
2025-11-21 19:41:05 INFO  [restartedMain] org.springframework.boot.web.servlet.context.ServletWebServerApplicationContext - Root WebApplicationContext: initialization completed in 1534 ms
2025-11-21 19:41:05 INFO  [restartedMain] com.zaxxer.hikari.HikariDataSource - HikariPool-1 - Starting...
2025-11-21 19:41:05 INFO  [restartedMain] com.zaxxer.hikari.pool.HikariPool - HikariPool-1 - Added connection conn0: url=jdbc:h2:mem:fiadopay user=SA
2025-11-21 19:41:05 INFO  [restartedMain] com.zaxxer.hikari.HikariDataSource - HikariPool-1 - Start completed.
2025-11-21 19:41:05 INFO  [restartedMain] org.hibernate.jpa.internal.util.LogHelper - HHH000204: Processing PersistenceUnitInfo [name: default]
2025-11-21 19:41:05 INFO  [restartedMain] org.hibernate.Version - HHH000412: Hibernate ORM core version 6.6.33.Final
2025-11-21 19:41:05 INFO  [restartedMain] org.hibernate.cache.internal.RegionFactoryInitiator - HHH000026: Second-level cache disabled
2025-11-21 19:41:05 INFO  [restartedMain] org.springframework.orm.jpa.persistenceunit.SpringPersistenceUnitInfo - No LoadTimeWeaver setup: ignoring JPA class transformer
2025-11-21 19:41:05 INFO  [restartedMain] org.hibernate.orm.connections.pooling - HHH10001005: Database info:
	Database JDBC URL [Connecting through datasource 'HikariDataSource (HikariPool-1)']
	Database driver: undefined/unknown
	Database version: 2.3.232
	Autocommit mode: undefined/unknown
	Isolation level: undefined/unknown
	Minimum pool size: undefined/unknown
	Maximum pool size: undefined/unknown
2025-11-21 19:41:06 INFO  [restartedMain] org.hibernate.engine.transaction.jta.platform.internal.JtaPlatformInitiator - HHH000489: No JTA platform available (set 'hibernate.transaction.jta.platform' to enable JTA platform integration)
2025-11-21 19:41:06 INFO  [restartedMain] org.springframework.orm.jpa.LocalContainerEntityManagerFactoryBean - Initialized JPA EntityManagerFactory for persistence unit 'default'
2025-11-21 19:41:07 INFO  [restartedMain] org.springframework.security.config.annotation.authentication.configuration.InitializeAuthenticationProviderBeanManagerConfigurer$InitializeAuthenticationProviderManagerConfigurer - Global AuthenticationManager configured with AuthenticationProvider bean with name authenticationProvider
2025-11-21 19:41:07 WARN  [restartedMain] org.springframework.security.config.annotation.authentication.configuration.InitializeUserDetailsBeanManagerConfigurer$InitializeUserDetailsManagerConfigurer - Global AuthenticationManager configured with an AuthenticationProvider bean. UserDetailsService beans will not be used by Spring Security for automatically configuring username/password login. Consider removing the AuthenticationProvider bean. Alternatively, consider using the UserDetailsService in a manually instantiated DaoAuthenticationProvider. If the current configuration is intentional, to turn off this warning, increase the logging level of 'org.springframework.security.config.annotation.authentication.configuration.InitializeUserDetailsBeanManagerConfigurer' to ERROR
2025-11-21 19:41:07 WARN  [restartedMain] org.springframework.boot.autoconfigure.orm.jpa.JpaBaseConfiguration$JpaWebConfiguration - spring.jpa.open-in-view is enabled by default. Therefore, database queries may be performed during view rendering. Explicitly configure spring.jpa.open-in-view to disable this warning
2025-11-21 19:41:08 INFO  [restartedMain] org.springframework.boot.autoconfigure.h2.H2ConsoleAutoConfiguration - H2 console available at '/h2-console'. Database available at 'jdbc:h2:mem:fiadopay'
2025-11-21 19:41:08 INFO  [restartedMain] org.springframework.boot.devtools.autoconfigure.OptionalLiveReloadServer - LiveReload server is running on port 35729
2025-11-21 19:41:08 INFO  [restartedMain] org.apache.coyote.http11.Http11NioProtocol - Starting ProtocolHandler ["http-nio-8080"]
2025-11-21 19:41:08 INFO  [restartedMain] org.springframework.boot.web.embedded.tomcat.TomcatWebServer - Tomcat started on port 8080 (http) with context path '/'
2025-11-21 19:41:08 INFO  [restartedMain] edu.ucsal.fiadopay.FiadoPayApplication - Started FiadoPayApplication in 5.29 seconds (process running for 5.99)
2025-11-21 19:41:52 INFO  [http-nio-8080-exec-1] org.apache.catalina.core.ContainerBase.[Tomcat].[localhost].[/] - Initializing Spring DispatcherServlet 'dispatcherServlet'
2025-11-21 19:41:52 INFO  [http-nio-8080-exec-1] org.springframework.web.servlet.DispatcherServlet - Initializing Servlet 'dispatcherServlet'
2025-11-21 19:41:52 INFO  [http-nio-8080-exec-1] org.springframework.web.servlet.DispatcherServlet - Completed initialization in 1 ms
2025-11-21 19:41:53 INFO  [http-nio-8080-exec-9] org.springdoc.api.AbstractOpenApiResource - Init duration for springdoc-openapi is: 349 ms
2025-11-21 20:00:51 WARN  [http-nio-8080-exec-2] org.springframework.web.servlet.mvc.support.DefaultHandlerExceptionResolver - Resolved [org.springframework.web.HttpRequestMethodNotSupportedException: Request method 'GET' is not supported]
2025-11-21 20:01:03 WARN  [http-nio-8080-exec-8] org.springframework.web.servlet.mvc.support.DefaultHandlerExceptionResolver - Resolved [org.springframework.web.bind.MethodArgumentNotValidException: Validation failed for argument [0] in public org.springframework.http.ResponseEntity<?> edu.ucsal.fiadopay.controller.MerchantController.generateBasicToken(edu.ucsal.fiadopay.domain.merchant.dto.BasicTokenRequest) with 2 errors: [Field error in object 'basicTokenRequest' on field 'clientSecret': rejected value [null]; codes [NotBlank.basicTokenRequest.clientSecret,NotBlank.clientSecret,NotBlank.java.lang.String,NotBlank]; arguments [org.springframework.context.support.DefaultMessageSourceResolvable: codes [basicTokenRequest.clientSecret,clientSecret]; arguments []; default message [clientSecret]]; default message [não deve estar em branco]] [Field error in object 'basicTokenRequest' on field 'clientId': rejected value [null]; codes [NotBlank.basicTokenRequest.clientId,NotBlank.clientId,NotBlank.java.lang.String,NotBlank]; arguments [org.springframework.context.support.DefaultMessageSourceResolvable: codes [basicTokenRequest.clientId,clientId]; arguments []; default message [clientId]]; default message [não deve estar em branco]] ]
2025-11-21 20:01:05 WARN  [http-nio-8080-exec-5] org.springframework.web.servlet.mvc.support.DefaultHandlerExceptionResolver - Resolved [org.springframework.web.bind.MethodArgumentNotValidException: Validation failed for argument [0] in public org.springframework.http.ResponseEntity<?> edu.ucsal.fiadopay.controller.MerchantController.generateBasicToken(edu.ucsal.fiadopay.domain.merchant.dto.BasicTokenRequest) with 2 errors: [Field error in object 'basicTokenRequest' on field 'clientId': rejected value [null]; codes [NotBlank.basicTokenRequest.clientId,NotBlank.clientId,NotBlank.java.lang.String,NotBlank]; arguments [org.springframework.context.support.DefaultMessageSourceResolvable: codes [basicTokenRequest.clientId,clientId]; arguments []; default message [clientId]]; default message [não deve estar em branco]] [Field error in object 'basicTokenRequest' on field 'clientSecret': rejected value [null]; codes [NotBlank.basicTokenRequest.clientSecret,NotBlank.clientSecret,NotBlank.java.lang.String,NotBlank]; arguments [org.springframework.context.support.DefaultMessageSourceResolvable: codes [basicTokenRequest.clientSecret,clientSecret]; arguments []; default message [clientSecret]]; default message [não deve estar em branco]] ]
2025-11-21 20:05:51 INFO  [http-nio-8080-exec-5] edu.ucsal.fiadopay.annotations.idempontent.IdempotencyAspect - 🔁 Verificando idempotência merchantId=1 idemKey=550e8400-e29b-41d4-a716-446655440000
2025-11-21 20:05:51 INFO  [http-nio-8080-exec-5] edu.ucsal.fiadopay.annotations.idempontent.IdempotencyAspect - 🔁 Nenhuma operação anterior encontrada — prosseguindo execução.
2025-11-21 20:05:51 INFO  [http-nio-8080-exec-5] edu.ucsal.fiadopay.annotations.validTransactionWindow.ValidTransactionWindowAspect - ⏱️ Validando janela de transação amount=19990.50 now=20:05:51.700626400 greaterThan10k=true after22h=false
2025-11-21 20:05:51 INFO  [http-nio-8080-exec-5] edu.ucsal.fiadopay.service.payment.PaymentService - Iniciando criação de pagamento merchantId=1 idemKey=550e8400-e29b-41d4-a716-446655440000 method=CARD amount=19990.50
2025-11-21 20:05:51 INFO  [http-nio-8080-exec-5] edu.ucsal.fiadopay.service.payment.PaymentService - Pagamento criado com sucesso paymentId=pay_fd0ac97f-c589-47ae-adad-35832e438cfb status=PENDING
2025-11-21 20:05:51 INFO  [pool-2-thread-1] edu.ucsal.fiadopay.service.payment.PaymentService - Processando webhook para paymentId=pay_fd0ac97f-c589-47ae-adad-35832e438cfb
2025-11-21 20:05:51 INFO  [http-nio-8080-exec-5] edu.ucsal.fiadopay.annotations.logged.LogAspect - [metricas] Executado em 31ms | args=[edu.ucsal.fiadopay.domain.merchant.Merchant@343b330, 550e8400-e29b-41d4-a716-446655440000, PaymentRequest[method=CARD, currency=BRL, amount=19990.50, metadataOrderId=order-123, details={installments=3}]]
2025-11-21 20:05:53 INFO  [pool-2-thread-1] edu.ucsal.fiadopay.service.payment.PaymentService - Agendando entrega de webhook eventId=evt_4a5cfb86 paymentId=pay_fd0ac97f-c589-47ae-adad-35832e438cfb url=http://localhost:8081/webhooks/payments
2025-11-21 20:05:53 INFO  [pool-2-thread-1] edu.ucsal.fiadopay.service.webhook.WebhookDeliveryService - Webhook agendado: id=1, url=http://localhost:8081/webhooks/payments, payloadSize=176
2025-11-21 20:05:53 INFO  [pool-3-thread-1] edu.ucsal.fiadopay.service.webhook.WebhookDeliveryService - Iniciando tentativa 1 para webhook id=1 (url=http://localhost:8081/webhooks/payments)
2025-11-21 20:05:53 ERROR [pool-3-thread-1] edu.ucsal.fiadopay.service.webhook.WebhookDeliveryService - Erro inesperado no webhook id=1: null
java.net.ConnectException: null
	at java.net.http/jdk.internal.net.http.HttpClientImpl.send(HttpClientImpl.java:955)
	at java.net.http/jdk.internal.net.http.HttpClientFacade.send(HttpClientFacade.java:133)
	at edu.ucsal.fiadopay.service.webhook.WebhookSender.send(WebhookSender.java:23)
	at edu.ucsal.fiadopay.service.webhook.WebhookDeliveryService.attempt(WebhookDeliveryService.java:56)
	at edu.ucsal.fiadopay.service.webhook.WebhookDeliveryService.lambda$scheduleDelivery$0(WebhookDeliveryService.java:39)
	at java.base/java.util.concurrent.Executors$RunnableAdapter.call(Executors.java:572)
	at java.base/java.util.concurrent.FutureTask.run(FutureTask.java:317)
	at java.base/java.util.concurrent.ThreadPoolExecutor.runWorker(ThreadPoolExecutor.java:1144)
	at java.base/java.util.concurrent.ThreadPoolExecutor$Worker.run(ThreadPoolExecutor.java:642)
	at java.base/java.lang.Thread.run(Thread.java:1583)
Caused by: java.net.ConnectException: null
	at java.net.http/jdk.internal.net.http.common.Utils.toConnectException(Utils.java:1065)
	at java.net.http/jdk.internal.net.http.PlainHttpConnection.connectAsync(PlainHttpConnection.java:227)
	at java.net.http/jdk.internal.net.http.PlainHttpConnection.checkRetryConnect(PlainHttpConnection.java:280)
	at java.net.http/jdk.internal.net.http.PlainHttpConnection.lambda$connectAsync$2(PlainHttpConnection.java:238)
	at java.base/java.util.concurrent.CompletableFuture.uniHandle(CompletableFuture.java:934)
	at java.base/java.util.concurrent.CompletableFuture$UniHandle.tryFire(CompletableFuture.java:911)
	at java.base/java.util.concurrent.CompletableFuture.postComplete(CompletableFuture.java:510)
	at java.base/java.util.concurrent.CompletableFuture$AsyncSupply.run(CompletableFuture.java:1773)
	... 3 common frames omitted
Caused by: java.nio.channels.ClosedChannelException: null
	at java.base/sun.nio.ch.SocketChannelImpl.ensureOpen(SocketChannelImpl.java:202)
	at java.base/sun.nio.ch.SocketChannelImpl.beginConnect(SocketChannelImpl.java:786)
	at java.base/sun.nio.ch.SocketChannelImpl.connect(SocketChannelImpl.java:874)
	at java.net.http/jdk.internal.net.http.PlainHttpConnection.lambda$connectAsync$1(PlainHttpConnection.java:210)
	at java.base/java.security.AccessController.doPrivileged(AccessController.java:571)
	at java.net.http/jdk.internal.net.http.PlainHttpConnection.connectAsync(PlainHttpConnection.java:212)
	... 9 common frames omitted
2025-11-21 20:05:53 WARN  [pool-3-thread-1] edu.ucsal.fiadopay.service.webhook.WebhookDeliveryService - Erro – reagendando id=1 para daqui 1000ms
2025-11-21 20:05:54 INFO  [pool-3-thread-1] edu.ucsal.fiadopay.service.webhook.WebhookDeliveryService - Iniciando tentativa 2 para webhook id=1 (url=http://localhost:8081/webhooks/payments)
2025-11-21 20:05:54 ERROR [pool-3-thread-1] edu.ucsal.fiadopay.service.webhook.WebhookDeliveryService - Erro inesperado no webhook id=1: null
java.net.ConnectException: null
	at java.net.http/jdk.internal.net.http.HttpClientImpl.send(HttpClientImpl.java:955)
	at java.net.http/jdk.internal.net.http.HttpClientFacade.send(HttpClientFacade.java:133)
	at edu.ucsal.fiadopay.service.webhook.WebhookSender.send(WebhookSender.java:23)
	at edu.ucsal.fiadopay.service.webhook.WebhookDeliveryService.attempt(WebhookDeliveryService.java:56)
	at edu.ucsal.fiadopay.service.webhook.WebhookDeliveryService.attempt(WebhookDeliveryService.java:90)
	at edu.ucsal.fiadopay.service.webhook.WebhookDeliveryService.lambda$scheduleDelivery$0(WebhookDeliveryService.java:39)
	at java.base/java.util.concurrent.Executors$RunnableAdapter.call(Executors.java:572)
	at java.base/java.util.concurrent.FutureTask.run(FutureTask.java:317)
	at java.base/java.util.concurrent.ThreadPoolExecutor.runWorker(ThreadPoolExecutor.java:1144)
	at java.base/java.util.concurrent.ThreadPoolExecutor$Worker.run(ThreadPoolExecutor.java:642)
	at java.base/java.lang.Thread.run(Thread.java:1583)
Caused by: java.net.ConnectException: null
	at java.net.http/jdk.internal.net.http.common.Utils.toConnectException(Utils.java:1065)
	at java.net.http/jdk.internal.net.http.PlainHttpConnection.connectAsync(PlainHttpConnection.java:227)
	at java.net.http/jdk.internal.net.http.PlainHttpConnection.checkRetryConnect(PlainHttpConnection.java:280)
	at java.net.http/jdk.internal.net.http.PlainHttpConnection.lambda$connectAsync$2(PlainHttpConnection.java:238)
	at java.base/java.util.concurrent.CompletableFuture.uniHandle(CompletableFuture.java:934)
	at java.base/java.util.concurrent.CompletableFuture$UniHandle.tryFire(CompletableFuture.java:911)
	at java.base/java.util.concurrent.CompletableFuture.postComplete(CompletableFuture.java:510)
	at java.base/java.util.concurrent.CompletableFuture$AsyncSupply.run(CompletableFuture.java:1773)
	... 3 common frames omitted
Caused by: java.nio.channels.ClosedChannelException: null
	at java.base/sun.nio.ch.SocketChannelImpl.ensureOpen(SocketChannelImpl.java:202)
	at java.base/sun.nio.ch.SocketChannelImpl.beginConnect(SocketChannelImpl.java:786)
	at java.base/sun.nio.ch.SocketChannelImpl.connect(SocketChannelImpl.java:874)
	at java.net.http/jdk.internal.net.http.PlainHttpConnection.lambda$connectAsync$1(PlainHttpConnection.java:210)
	at java.base/java.security.AccessController.doPrivileged(AccessController.java:571)
	at java.net.http/jdk.internal.net.http.PlainHttpConnection.connectAsync(PlainHttpConnection.java:212)
	... 9 common frames omitted
2025-11-21 20:05:54 WARN  [pool-3-thread-1] edu.ucsal.fiadopay.service.webhook.WebhookDeliveryService - Erro – reagendando id=1 para daqui 2000ms
2025-11-21 20:05:56 INFO  [pool-3-thread-1] edu.ucsal.fiadopay.service.webhook.WebhookDeliveryService - Iniciando tentativa 3 para webhook id=1 (url=http://localhost:8081/webhooks/payments)
2025-11-21 20:05:56 ERROR [pool-3-thread-1] edu.ucsal.fiadopay.service.webhook.WebhookDeliveryService - Erro inesperado no webhook id=1: null
java.net.ConnectException: null
	at java.net.http/jdk.internal.net.http.HttpClientImpl.send(HttpClientImpl.java:955)
	at java.net.http/jdk.internal.net.http.HttpClientFacade.send(HttpClientFacade.java:133)
	at edu.ucsal.fiadopay.service.webhook.WebhookSender.send(WebhookSender.java:23)
	at edu.ucsal.fiadopay.service.webhook.WebhookDeliveryService.attempt(WebhookDeliveryService.java:56)
	at edu.ucsal.fiadopay.service.webhook.WebhookDeliveryService.attempt(WebhookDeliveryService.java:90)
	at edu.ucsal.fiadopay.service.webhook.WebhookDeliveryService.attempt(WebhookDeliveryService.java:90)
	at edu.ucsal.fiadopay.service.webhook.WebhookDeliveryService.lambda$scheduleDelivery$0(WebhookDeliveryService.java:39)
	at java.base/java.util.concurrent.Executors$RunnableAdapter.call(Executors.java:572)
	at java.base/java.util.concurrent.FutureTask.run(FutureTask.java:317)
	at java.base/java.util.concurrent.ThreadPoolExecutor.runWorker(ThreadPoolExecutor.java:1144)
	at java.base/java.util.concurrent.ThreadPoolExecutor$Worker.run(ThreadPoolExecutor.java:642)
	at java.base/java.lang.Thread.run(Thread.java:1583)
Caused by: java.net.ConnectException: null
	at java.net.http/jdk.internal.net.http.common.Utils.toConnectException(Utils.java:1065)
	at java.net.http/jdk.internal.net.http.PlainHttpConnection.connectAsync(PlainHttpConnection.java:227)
	at java.net.http/jdk.internal.net.http.PlainHttpConnection.checkRetryConnect(PlainHttpConnection.java:280)
	at java.net.http/jdk.internal.net.http.PlainHttpConnection.lambda$connectAsync$2(PlainHttpConnection.java:238)
	at java.base/java.util.concurrent.CompletableFuture.uniHandle(CompletableFuture.java:934)
	at java.base/java.util.concurrent.CompletableFuture$UniHandle.tryFire(CompletableFuture.java:911)
	at java.base/java.util.concurrent.CompletableFuture.postComplete(CompletableFuture.java:510)
	at java.base/java.util.concurrent.CompletableFuture$AsyncSupply.run(CompletableFuture.java:1773)
	... 3 common frames omitted
Caused by: java.nio.channels.ClosedChannelException: null
	at java.base/sun.nio.ch.SocketChannelImpl.ensureOpen(SocketChannelImpl.java:202)
	at java.base/sun.nio.ch.SocketChannelImpl.beginConnect(SocketChannelImpl.java:786)
	at java.base/sun.nio.ch.SocketChannelImpl.connect(SocketChannelImpl.java:874)
	at java.net.http/jdk.internal.net.http.PlainHttpConnection.lambda$connectAsync$1(PlainHttpConnection.java:210)
	at java.base/java.security.AccessController.doPrivileged(AccessController.java:571)
	at java.net.http/jdk.internal.net.http.PlainHttpConnection.connectAsync(PlainHttpConnection.java:212)
	... 9 common frames omitted
2025-11-21 20:05:56 WARN  [pool-3-thread-1] edu.ucsal.fiadopay.service.webhook.WebhookDeliveryService - Erro – reagendando id=1 para daqui 3000ms
2025-11-21 20:05:59 INFO  [pool-3-thread-1] edu.ucsal.fiadopay.service.webhook.WebhookDeliveryService - Iniciando tentativa 4 para webhook id=1 (url=http://localhost:8081/webhooks/payments)
2025-11-21 20:05:59 ERROR [pool-3-thread-1] edu.ucsal.fiadopay.service.webhook.WebhookDeliveryService - Erro inesperado no webhook id=1: null
java.net.ConnectException: null
	at java.net.http/jdk.internal.net.http.HttpClientImpl.send(HttpClientImpl.java:955)
	at java.net.http/jdk.internal.net.http.HttpClientFacade.send(HttpClientFacade.java:133)
	at edu.ucsal.fiadopay.service.webhook.WebhookSender.send(WebhookSender.java:23)
	at edu.ucsal.fiadopay.service.webhook.WebhookDeliveryService.attempt(WebhookDeliveryService.java:56)
	at edu.ucsal.fiadopay.service.webhook.WebhookDeliveryService.attempt(WebhookDeliveryService.java:90)
	at edu.ucsal.fiadopay.service.webhook.WebhookDeliveryService.attempt(WebhookDeliveryService.java:90)
	at edu.ucsal.fiadopay.service.webhook.WebhookDeliveryService.attempt(WebhookDeliveryService.java:90)
	at edu.ucsal.fiadopay.service.webhook.WebhookDeliveryService.lambda$scheduleDelivery$0(WebhookDeliveryService.java:39)
	at java.base/java.util.concurrent.Executors$RunnableAdapter.call(Executors.java:572)
	at java.base/java.util.concurrent.FutureTask.run(FutureTask.java:317)
	at java.base/java.util.concurrent.ThreadPoolExecutor.runWorker(ThreadPoolExecutor.java:1144)
	at java.base/java.util.concurrent.ThreadPoolExecutor$Worker.run(ThreadPoolExecutor.java:642)
	at java.base/java.lang.Thread.run(Thread.java:1583)
Caused by: java.net.ConnectException: null
	at java.net.http/jdk.internal.net.http.common.Utils.toConnectException(Utils.java:1065)
	at java.net.http/jdk.internal.net.http.PlainHttpConnection.connectAsync(PlainHttpConnection.java:227)
	at java.net.http/jdk.internal.net.http.PlainHttpConnection.checkRetryConnect(PlainHttpConnection.java:280)
	at java.net.http/jdk.internal.net.http.PlainHttpConnection.lambda$connectAsync$2(PlainHttpConnection.java:238)
	at java.base/java.util.concurrent.CompletableFuture.uniHandle(CompletableFuture.java:934)
	at java.base/java.util.concurrent.CompletableFuture$UniHandle.tryFire(CompletableFuture.java:911)
	at java.base/java.util.concurrent.CompletableFuture.postComplete(CompletableFuture.java:510)
	at java.base/java.util.concurrent.CompletableFuture$AsyncSupply.run(CompletableFuture.java:1773)
	... 3 common frames omitted
Caused by: java.nio.channels.ClosedChannelException: null
	at java.base/sun.nio.ch.SocketChannelImpl.ensureOpen(SocketChannelImpl.java:202)
	at java.base/sun.nio.ch.SocketChannelImpl.beginConnect(SocketChannelImpl.java:786)
	at java.base/sun.nio.ch.SocketChannelImpl.connect(SocketChannelImpl.java:874)
	at java.net.http/jdk.internal.net.http.PlainHttpConnection.lambda$connectAsync$1(PlainHttpConnection.java:210)
	at java.base/java.security.AccessController.doPrivileged(AccessController.java:571)
	at java.net.http/jdk.internal.net.http.PlainHttpConnection.connectAsync(PlainHttpConnection.java:212)
	... 9 common frames omitted
2025-11-21 20:05:59 WARN  [pool-3-thread-1] edu.ucsal.fiadopay.service.webhook.WebhookDeliveryService - Erro – reagendando id=1 para daqui 4000ms
2025-11-21 20:06:03 INFO  [pool-3-thread-1] edu.ucsal.fiadopay.service.webhook.WebhookDeliveryService - Iniciando tentativa 5 para webhook id=1 (url=http://localhost:8081/webhooks/payments)
2025-11-21 20:06:03 ERROR [pool-3-thread-1] edu.ucsal.fiadopay.service.webhook.WebhookDeliveryService - Erro inesperado no webhook id=1: null
java.net.ConnectException: null
	at java.net.http/jdk.internal.net.http.HttpClientImpl.send(HttpClientImpl.java:955)
	at java.net.http/jdk.internal.net.http.HttpClientFacade.send(HttpClientFacade.java:133)
	at edu.ucsal.fiadopay.service.webhook.WebhookSender.send(WebhookSender.java:23)
	at edu.ucsal.fiadopay.service.webhook.WebhookDeliveryService.attempt(WebhookDeliveryService.java:56)
	at edu.ucsal.fiadopay.service.webhook.WebhookDeliveryService.attempt(WebhookDeliveryService.java:90)
	at edu.ucsal.fiadopay.service.webhook.WebhookDeliveryService.attempt(WebhookDeliveryService.java:90)
	at edu.ucsal.fiadopay.service.webhook.WebhookDeliveryService.attempt(WebhookDeliveryService.java:90)
	at edu.ucsal.fiadopay.service.webhook.WebhookDeliveryService.attempt(WebhookDeliveryService.java:90)
	at edu.ucsal.fiadopay.service.webhook.WebhookDeliveryService.lambda$scheduleDelivery$0(WebhookDeliveryService.java:39)
	at java.base/java.util.concurrent.Executors$RunnableAdapter.call(Executors.java:572)
	at java.base/java.util.concurrent.FutureTask.run(FutureTask.java:317)
	at java.base/java.util.concurrent.ThreadPoolExecutor.runWorker(ThreadPoolExecutor.java:1144)
	at java.base/java.util.concurrent.ThreadPoolExecutor$Worker.run(ThreadPoolExecutor.java:642)
	at java.base/java.lang.Thread.run(Thread.java:1583)
Caused by: java.net.ConnectException: null
	at java.net.http/jdk.internal.net.http.common.Utils.toConnectException(Utils.java:1065)
	at java.net.http/jdk.internal.net.http.PlainHttpConnection.connectAsync(PlainHttpConnection.java:227)
	at java.net.http/jdk.internal.net.http.PlainHttpConnection.checkRetryConnect(PlainHttpConnection.java:280)
	at java.net.http/jdk.internal.net.http.PlainHttpConnection.lambda$connectAsync$2(PlainHttpConnection.java:238)
	at java.base/java.util.concurrent.CompletableFuture.uniHandle(CompletableFuture.java:934)
	at java.base/java.util.concurrent.CompletableFuture$UniHandle.tryFire(CompletableFuture.java:911)
	at java.base/java.util.concurrent.CompletableFuture.postComplete(CompletableFuture.java:510)
	at java.base/java.util.concurrent.CompletableFuture$AsyncSupply.run(CompletableFuture.java:1773)
	... 3 common frames omitted
Caused by: java.nio.channels.ClosedChannelException: null
	at java.base/sun.nio.ch.SocketChannelImpl.ensureOpen(SocketChannelImpl.java:202)
	at java.base/sun.nio.ch.SocketChannelImpl.beginConnect(SocketChannelImpl.java:786)
	at java.base/sun.nio.ch.SocketChannelImpl.connect(SocketChannelImpl.java:874)
	at java.net.http/jdk.internal.net.http.PlainHttpConnection.lambda$connectAsync$1(PlainHttpConnection.java:210)
	at java.base/java.security.AccessController.doPrivileged(AccessController.java:571)
	at java.net.http/jdk.internal.net.http.PlainHttpConnection.connectAsync(PlainHttpConnection.java:212)
	... 9 common frames omitted
2025-11-21 20:06:03 ERROR [pool-3-thread-1] edu.ucsal.fiadopay.service.webhook.WebhookDeliveryService - Webhook id=1 falhou definitivamente após 5 tentativas.
2025-11-21 20:07:02 INFO  [SpringApplicationShutdownHook] org.springframework.boot.web.embedded.tomcat.GracefulShutdown - Commencing graceful shutdown. Waiting for active requests to complete
2025-11-21 20:07:02 INFO  [tomcat-shutdown] org.springframework.boot.web.embedded.tomcat.GracefulShutdown - Graceful shutdown complete
2025-11-21 20:07:02 INFO  [SpringApplicationShutdownHook] org.springframework.orm.jpa.LocalContainerEntityManagerFactoryBean - Closing JPA EntityManagerFactory for persistence unit 'default'
2025-11-21 20:07:02 WARN  [SpringApplicationShutdownHook] org.springframework.beans.factory.support.DisposableBeanAdapter - Invocation of destroy method failed on bean with name 'inMemoryDatabaseShutdownExecutor': org.h2.jdbc.JdbcSQLNonTransientConnectionException: Database is already closed (to disable automatic closing at VM shutdown, add ";DB_CLOSE_ON_EXIT=FALSE" to the db URL) [90121-232]
2025-11-21 20:07:02 INFO  [SpringApplicationShutdownHook] com.zaxxer.hikari.HikariDataSource - HikariPool-1 - Shutdown initiated...
2025-11-21 20:07:02 INFO  [SpringApplicationShutdownHook] com.zaxxer.hikari.HikariDataSource - HikariPool-1 - Shutdown completed.
2025-11-21 20:17:45 INFO  [background-preinit] org.hibernate.validator.internal.util.Version - HV000001: Hibernate Validator 8.0.3.Final
2025-11-21 20:17:45 INFO  [restartedMain] edu.ucsal.fiadopay.FiadoPayApplication - Starting FiadoPayApplication using Java 21.0.9 with PID 20728 (C:\Users\gabri\Documents\fiadopay\target\classes started by gabri in C:\Users\gabri\Documents\fiadopay)
2025-11-21 20:17:45 INFO  [restartedMain] edu.ucsal.fiadopay.FiadoPayApplication - No active profile set, falling back to 1 default profile: "default"
2025-11-21 20:17:45 INFO  [restartedMain] org.springframework.boot.devtools.env.DevToolsPropertyDefaultsPostProcessor - Devtools property defaults active! Set 'spring.devtools.add-properties' to 'false' to disable
2025-11-21 20:17:45 INFO  [restartedMain] org.springframework.boot.devtools.env.DevToolsPropertyDefaultsPostProcessor - For additional web related logging consider setting the 'logging.level.web' property to 'DEBUG'
2025-11-21 20:17:46 INFO  [restartedMain] org.springframework.data.repository.config.RepositoryConfigurationDelegate - Bootstrapping Spring Data JPA repositories in DEFAULT mode.
2025-11-21 20:17:46 INFO  [restartedMain] org.springframework.data.repository.config.RepositoryConfigurationDelegate - Finished Spring Data repository scanning in 67 ms. Found 4 JPA repository interfaces.
2025-11-21 20:17:47 INFO  [restartedMain] org.springframework.boot.web.embedded.tomcat.TomcatWebServer - Tomcat initialized with port 8080 (http)
2025-11-21 20:17:47 INFO  [restartedMain] org.apache.coyote.http11.Http11NioProtocol - Initializing ProtocolHandler ["http-nio-8080"]
2025-11-21 20:17:47 INFO  [restartedMain] org.apache.catalina.core.StandardService - Starting service [Tomcat]
2025-11-21 20:17:47 INFO  [restartedMain] org.apache.catalina.core.StandardEngine - Starting Servlet engine: [Apache Tomcat/10.1.48]
2025-11-21 20:17:47 INFO  [restartedMain] org.apache.catalina.core.ContainerBase.[Tomcat].[localhost].[/] - Initializing Spring embedded WebApplicationContext
2025-11-21 20:17:47 INFO  [restartedMain] org.springframework.boot.web.servlet.context.ServletWebServerApplicationContext - Root WebApplicationContext: initialization completed in 1662 ms
2025-11-21 20:17:47 INFO  [restartedMain] com.zaxxer.hikari.HikariDataSource - HikariPool-1 - Starting...
2025-11-21 20:17:47 INFO  [restartedMain] com.zaxxer.hikari.pool.HikariPool - HikariPool-1 - Added connection conn0: url=jdbc:h2:mem:fiadopay user=SA
2025-11-21 20:17:47 INFO  [restartedMain] com.zaxxer.hikari.HikariDataSource - HikariPool-1 - Start completed.
2025-11-21 20:17:47 INFO  [restartedMain] org.hibernate.jpa.internal.util.LogHelper - HHH000204: Processing PersistenceUnitInfo [name: default]
2025-11-21 20:17:47 INFO  [restartedMain] org.hibernate.Version - HHH000412: Hibernate ORM core version 6.6.33.Final
2025-11-21 20:17:47 INFO  [restartedMain] org.hibernate.cache.internal.RegionFactoryInitiator - HHH000026: Second-level cache disabled
2025-11-21 20:17:47 INFO  [restartedMain] org.springframework.orm.jpa.persistenceunit.SpringPersistenceUnitInfo - No LoadTimeWeaver setup: ignoring JPA class transformer
2025-11-21 20:17:48 INFO  [restartedMain] org.hibernate.orm.connections.pooling - HHH10001005: Database info:
	Database JDBC URL [Connecting through datasource 'HikariDataSource (HikariPool-1)']
	Database driver: undefined/unknown
	Database version: 2.3.232
	Autocommit mode: undefined/unknown
	Isolation level: undefined/unknown
	Minimum pool size: undefined/unknown
	Maximum pool size: undefined/unknown
2025-11-21 20:17:49 INFO  [restartedMain] org.hibernate.engine.transaction.jta.platform.internal.JtaPlatformInitiator - HHH000489: No JTA platform available (set 'hibernate.transaction.jta.platform' to enable JTA platform integration)
2025-11-21 20:17:49 INFO  [restartedMain] org.springframework.orm.jpa.LocalContainerEntityManagerFactoryBean - Initialized JPA EntityManagerFactory for persistence unit 'default'
2025-11-21 20:17:49 INFO  [restartedMain] org.springframework.security.config.annotation.authentication.configuration.InitializeAuthenticationProviderBeanManagerConfigurer$InitializeAuthenticationProviderManagerConfigurer - Global AuthenticationManager configured with AuthenticationProvider bean with name authenticationProvider
2025-11-21 20:17:49 WARN  [restartedMain] org.springframework.security.config.annotation.authentication.configuration.InitializeUserDetailsBeanManagerConfigurer$InitializeUserDetailsManagerConfigurer - Global AuthenticationManager configured with an AuthenticationProvider bean. UserDetailsService beans will not be used by Spring Security for automatically configuring username/password login. Consider removing the AuthenticationProvider bean. Alternatively, consider using the UserDetailsService in a manually instantiated DaoAuthenticationProvider. If the current configuration is intentional, to turn off this warning, increase the logging level of 'org.springframework.security.config.annotation.authentication.configuration.InitializeUserDetailsBeanManagerConfigurer' to ERROR
2025-11-21 20:17:49 WARN  [restartedMain] org.springframework.boot.autoconfigure.orm.jpa.JpaBaseConfiguration$JpaWebConfiguration - spring.jpa.open-in-view is enabled by default. Therefore, database queries may be performed during view rendering. Explicitly configure spring.jpa.open-in-view to disable this warning
2025-11-21 20:17:50 INFO  [restartedMain] org.springframework.boot.autoconfigure.h2.H2ConsoleAutoConfiguration - H2 console available at '/h2-console'. Database available at 'jdbc:h2:mem:fiadopay'
2025-11-21 20:18:06 INFO  [background-preinit] org.hibernate.validator.internal.util.Version - HV000001: Hibernate Validator 8.0.3.Final
2025-11-21 20:18:06 INFO  [restartedMain] edu.ucsal.fiadopay.FiadoPayApplication - Starting FiadoPayApplication using Java 21.0.9 with PID 1836 (C:\Users\gabri\Documents\fiadopay\target\classes started by gabri in C:\Users\gabri\Documents\fiadopay)
2025-11-21 20:18:06 INFO  [restartedMain] edu.ucsal.fiadopay.FiadoPayApplication - No active profile set, falling back to 1 default profile: "default"
2025-11-21 20:18:06 INFO  [restartedMain] org.springframework.boot.devtools.env.DevToolsPropertyDefaultsPostProcessor - Devtools property defaults active! Set 'spring.devtools.add-properties' to 'false' to disable
2025-11-21 20:18:06 INFO  [restartedMain] org.springframework.boot.devtools.env.DevToolsPropertyDefaultsPostProcessor - For additional web related logging consider setting the 'logging.level.web' property to 'DEBUG'
2025-11-21 20:18:06 INFO  [restartedMain] org.springframework.data.repository.config.RepositoryConfigurationDelegate - Bootstrapping Spring Data JPA repositories in DEFAULT mode.
2025-11-21 20:18:07 INFO  [restartedMain] org.springframework.data.repository.config.RepositoryConfigurationDelegate - Finished Spring Data repository scanning in 66 ms. Found 4 JPA repository interfaces.
2025-11-21 20:18:07 INFO  [restartedMain] org.springframework.boot.web.embedded.tomcat.TomcatWebServer - Tomcat initialized with port 8080 (http)
2025-11-21 20:18:07 INFO  [restartedMain] org.apache.coyote.http11.Http11NioProtocol - Initializing ProtocolHandler ["http-nio-8080"]
2025-11-21 20:18:07 INFO  [restartedMain] org.apache.catalina.core.StandardService - Starting service [Tomcat]
2025-11-21 20:18:07 INFO  [restartedMain] org.apache.catalina.core.StandardEngine - Starting Servlet engine: [Apache Tomcat/10.1.48]
2025-11-21 20:18:07 INFO  [restartedMain] org.apache.catalina.core.ContainerBase.[Tomcat].[localhost].[/] - Initializing Spring embedded WebApplicationContext
2025-11-21 20:18:07 INFO  [restartedMain] org.springframework.boot.web.servlet.context.ServletWebServerApplicationContext - Root WebApplicationContext: initialization completed in 1465 ms
2025-11-21 20:18:07 INFO  [restartedMain] com.zaxxer.hikari.HikariDataSource - HikariPool-1 - Starting...
2025-11-21 20:18:07 INFO  [restartedMain] com.zaxxer.hikari.pool.HikariPool - HikariPool-1 - Added connection conn0: url=jdbc:h2:mem:fiadopay user=SA
2025-11-21 20:18:07 INFO  [restartedMain] com.zaxxer.hikari.HikariDataSource - HikariPool-1 - Start completed.
2025-11-21 20:18:08 INFO  [restartedMain] org.hibernate.jpa.internal.util.LogHelper - HHH000204: Processing PersistenceUnitInfo [name: default]
2025-11-21 20:18:08 INFO  [restartedMain] org.hibernate.Version - HHH000412: Hibernate ORM core version 6.6.33.Final
2025-11-21 20:18:08 INFO  [restartedMain] org.hibernate.cache.internal.RegionFactoryInitiator - HHH000026: Second-level cache disabled
2025-11-21 20:18:08 INFO  [restartedMain] org.springframework.orm.jpa.persistenceunit.SpringPersistenceUnitInfo - No LoadTimeWeaver setup: ignoring JPA class transformer
2025-11-21 20:18:08 INFO  [restartedMain] org.hibernate.orm.connections.pooling - HHH10001005: Database info:
	Database JDBC URL [Connecting through datasource 'HikariDataSource (HikariPool-1)']
	Database driver: undefined/unknown
	Database version: 2.3.232
	Autocommit mode: undefined/unknown
	Isolation level: undefined/unknown
	Minimum pool size: undefined/unknown
	Maximum pool size: undefined/unknown
2025-11-21 20:18:09 INFO  [restartedMain] org.hibernate.engine.transaction.jta.platform.internal.JtaPlatformInitiator - HHH000489: No JTA platform available (set 'hibernate.transaction.jta.platform' to enable JTA platform integration)
2025-11-21 20:18:09 INFO  [restartedMain] org.springframework.orm.jpa.LocalContainerEntityManagerFactoryBean - Initialized JPA EntityManagerFactory for persistence unit 'default'
2025-11-21 20:18:09 INFO  [restartedMain] org.springframework.security.config.annotation.authentication.configuration.InitializeAuthenticationProviderBeanManagerConfigurer$InitializeAuthenticationProviderManagerConfigurer - Global AuthenticationManager configured with AuthenticationProvider bean with name authenticationProvider
2025-11-21 20:18:09 WARN  [restartedMain] org.springframework.security.config.annotation.authentication.configuration.InitializeUserDetailsBeanManagerConfigurer$InitializeUserDetailsManagerConfigurer - Global AuthenticationManager configured with an AuthenticationProvider bean. UserDetailsService beans will not be used by Spring Security for automatically configuring username/password login. Consider removing the AuthenticationProvider bean. Alternatively, consider using the UserDetailsService in a manually instantiated DaoAuthenticationProvider. If the current configuration is intentional, to turn off this warning, increase the logging level of 'org.springframework.security.config.annotation.authentication.configuration.InitializeUserDetailsBeanManagerConfigurer' to ERROR
2025-11-21 20:18:10 WARN  [restartedMain] org.springframework.boot.autoconfigure.orm.jpa.JpaBaseConfiguration$JpaWebConfiguration - spring.jpa.open-in-view is enabled by default. Therefore, database queries may be performed during view rendering. Explicitly configure spring.jpa.open-in-view to disable this warning
2025-11-21 20:18:10 INFO  [restartedMain] org.springframework.boot.autoconfigure.h2.H2ConsoleAutoConfiguration - H2 console available at '/h2-console'. Database available at 'jdbc:h2:mem:fiadopay'
2025-11-21 20:18:10 INFO  [restartedMain] org.springframework.boot.devtools.autoconfigure.OptionalLiveReloadServer - LiveReload server is running on port 35729
2025-11-21 20:18:10 INFO  [restartedMain] org.apache.coyote.http11.Http11NioProtocol - Starting ProtocolHandler ["http-nio-8080"]
2025-11-21 20:18:10 INFO  [restartedMain] org.springframework.boot.web.embedded.tomcat.TomcatWebServer - Tomcat started on port 8080 (http) with context path '/'
2025-11-21 20:18:10 INFO  [restartedMain] edu.ucsal.fiadopay.FiadoPayApplication - Started FiadoPayApplication in 5.082 seconds (process running for 5.705)
2025-11-21 20:18:15 INFO  [SpringApplicationShutdownHook] org.springframework.boot.web.embedded.tomcat.GracefulShutdown - Commencing graceful shutdown. Waiting for active requests to complete
2025-11-21 20:18:15 INFO  [tomcat-shutdown] org.springframework.boot.web.embedded.tomcat.GracefulShutdown - Graceful shutdown complete
2025-11-21 20:18:15 INFO  [SpringApplicationShutdownHook] org.springframework.orm.jpa.LocalContainerEntityManagerFactoryBean - Closing JPA EntityManagerFactory for persistence unit 'default'
2025-11-21 20:18:15 WARN  [SpringApplicationShutdownHook] org.springframework.beans.factory.support.DisposableBeanAdapter - Invocation of destroy method failed on bean with name 'inMemoryDatabaseShutdownExecutor': org.h2.jdbc.JdbcSQLNonTransientConnectionException: Database is already closed (to disable automatic closing at VM shutdown, add ";DB_CLOSE_ON_EXIT=FALSE" to the db URL) [90121-232]
2025-11-21 20:18:15 INFO  [SpringApplicationShutdownHook] com.zaxxer.hikari.HikariDataSource - HikariPool-1 - Shutdown initiated...
2025-11-21 20:18:15 INFO  [SpringApplicationShutdownHook] com.zaxxer.hikari.HikariDataSource - HikariPool-1 - Shutdown completed.
